[ 2019-04-10T12:07:39+08:00 ] 127.0.0.1 /
INFO: [ app_init ] --START--
INFO: Run Behavior\BuildLiteBehavior [ RunTime:0.000015s ]
INFO: [ app_init ] --END-- [ RunTime:0.000177s ]
INFO: [ app_begin ] --START--
INFO: Run Behavior\ReadHtmlCacheBehavior [ RunTime:0.000238s ]
INFO: [ app_begin ] --END-- [ RunTime:0.000283s ]
SQL: SHOW COLUMNS FROM `home_image` [ RunTime:0.0117s ]
SQL: SELECT * FROM `home_image` WHERE ( id not in (select max(id) from home_image) ) ORDER BY id desc  [ RunTime:0.0030s ]
SQL: SELECT * FROM `home_image` WHERE ( id in (select max(id) from home_image) ) LIMIT 1   [ RunTime:0.0029s ]
SQL: SELECT COUNT(*) AS tp_count FROM `home_image` LIMIT 1   [ RunTime:0.0019s ]
SQL: SHOW COLUMNS FROM `contact_us` [ RunTime:0.0086s ]
SQL: SELECT * FROM `contact_us` LIMIT 1   [ RunTime:0.0020s ]
SQL: SHOW COLUMNS FROM `news` [ RunTime:0.0077s ]
SQL: SELECT * FROM `news` WHERE ( content != '' ) ORDER BY save_time desc LIMIT 4   [ RunTime:0.0029s ]
SQL: SHOW COLUMNS FROM `center_introduction` [ RunTime:0.0073s ]
SQL: SELECT * FROM `center_introduction` LIMIT 1   [ RunTime:0.0050s ]
SQL: SHOW COLUMNS FROM `lab_image` [ RunTime:0.0059s ]
SQL: SELECT * FROM `lab_image` ORDER BY id desc  [ RunTime:0.0032s ]
SQL: SHOW COLUMNS FROM `inspection_scope` [ RunTime:0.0071s ]
SQL: SELECT * FROM `inspection_scope` WHERE ( content !='' ) ORDER BY save_time desc LIMIT 4   [ RunTime:0.0027s ]
SQL: SHOW COLUMNS FROM `footer` [ RunTime:0.0071s ]
SQL: SELECT * FROM `footer` LIMIT 1   [ RunTime:0.0030s ]
INFO: [ view_parse ] --START--
INFO: [ template_filter ] --START--
INFO: Run Behavior\ContentReplaceBehavior [ RunTime:0.000084s ]
INFO: [ template_filter ] --END-- [ RunTime:0.000131s ]
INFO: Run Behavior\ParseTemplateBehavior [ RunTime:0.068156s ]
INFO: [ view_parse ] --END-- [ RunTime:0.068233s ]
INFO: [ view_filter ] --START--
INFO: Run Behavior\WriteHtmlCacheBehavior [ RunTime:0.000311s ]
INFO: [ view_filter ] --END-- [ RunTime:0.000375s ]
INFO: [ app_end ] --START--
INFO: Run Behavior\ShowPageTraceBehavior [ RunTime:0.000249s ]
INFO: [ app_end ] --END-- [ RunTime:0.000308s ]

[ 2019-04-10T12:07:44+08:00 ] 127.0.0.1 /
INFO: [ app_init ] --START--
INFO: Run Behavior\BuildLiteBehavior [ RunTime:0.000015s ]
INFO: [ app_init ] --END-- [ RunTime:0.000142s ]
INFO: [ app_begin ] --START--
INFO: Run Behavior\ReadHtmlCacheBehavior [ RunTime:0.000188s ]
INFO: [ app_begin ] --END-- [ RunTime:0.000245s ]
SQL: SHOW COLUMNS FROM `home_image` [ RunTime:0.0141s ]
SQL: SELECT * FROM `home_image` WHERE ( id not in (select max(id) from home_image) ) ORDER BY id desc  [ RunTime:0.0029s ]
SQL: SELECT * FROM `home_image` WHERE ( id in (select max(id) from home_image) ) LIMIT 1   [ RunTime:0.0019s ]
SQL: SELECT COUNT(*) AS tp_count FROM `home_image` LIMIT 1   [ RunTime:0.0018s ]
SQL: SHOW COLUMNS FROM `contact_us` [ RunTime:0.0071s ]
SQL: SELECT * FROM `contact_us` LIMIT 1   [ RunTime:0.0021s ]
SQL: SHOW COLUMNS FROM `news` [ RunTime:0.0063s ]
SQL: SELECT * FROM `news` WHERE ( content != '' ) ORDER BY save_time desc LIMIT 4   [ RunTime:0.0019s ]
SQL: SHOW COLUMNS FROM `center_introduction` [ RunTime:0.0064s ]
SQL: SELECT * FROM `center_introduction` LIMIT 1   [ RunTime:0.0023s ]
SQL: SHOW COLUMNS FROM `lab_image` [ RunTime:0.0047s ]
SQL: SELECT * FROM `lab_image` ORDER BY id desc  [ RunTime:0.0021s ]
SQL: SHOW COLUMNS FROM `inspection_scope` [ RunTime:0.0059s ]
SQL: SELECT * FROM `inspection_scope` WHERE ( content !='' ) ORDER BY save_time desc LIMIT 4   [ RunTime:0.0018s ]
SQL: SHOW COLUMNS FROM `footer` [ RunTime:0.0061s ]
SQL: SELECT * FROM `footer` LIMIT 1   [ RunTime:0.0018s ]
INFO: [ view_parse ] --START--
INFO: [ template_filter ] --START--
INFO: Run Behavior\ContentReplaceBehavior [ RunTime:0.000096s ]
INFO: [ template_filter ] --END-- [ RunTime:0.000149s ]
INFO: Run Behavior\ParseTemplateBehavior [ RunTime:0.004498s ]
INFO: [ view_parse ] --END-- [ RunTime:0.004567s ]
INFO: [ view_filter ] --START--
INFO: Run Behavior\WriteHtmlCacheBehavior [ RunTime:0.000208s ]
INFO: [ view_filter ] --END-- [ RunTime:0.000267s ]
INFO: [ app_end ] --START--
INFO: Run Behavior\ShowPageTraceBehavior [ RunTime:0.000197s ]
INFO: [ app_end ] --END-- [ RunTime:0.000251s ]

[ 2019-04-10T12:07:49+08:00 ] 127.0.0.1 /Home/Information/basic
INFO: [ app_init ] --START--
INFO: Run Behavior\BuildLiteBehavior [ RunTime:0.000016s ]
INFO: [ app_init ] --END-- [ RunTime:0.000189s ]
INFO: [ app_begin ] --START--
INFO: Run Behavior\ReadHtmlCacheBehavior [ RunTime:0.000317s ]
INFO: [ app_begin ] --END-- [ RunTime:0.000374s ]
INFO: [ view_parse ] --START--
INFO: [ template_filter ] --START--
INFO: Run Behavior\ContentReplaceBehavior [ RunTime:0.000071s ]
INFO: [ template_filter ] --END-- [ RunTime:0.000126s ]
NOTIC: [8] Undefined variable: type E:\wamp64\www\web-jc\Application\Runtime\Cache\Home\641fb9aa4af09bc22227d69c36dc742e.php 第 109 行.
NOTIC: [8] Undefined variable: footer E:\wamp64\www\web-jc\Application\Runtime\Cache\Home\641fb9aa4af09bc22227d69c36dc742e.php 第 153 行.
NOTIC: [8] Undefined variable: footer E:\wamp64\www\web-jc\Application\Runtime\Cache\Home\641fb9aa4af09bc22227d69c36dc742e.php 第 154 行.
NOTIC: [8] Undefined variable: footer E:\wamp64\www\web-jc\Application\Runtime\Cache\Home\641fb9aa4af09bc22227d69c36dc742e.php 第 157 行.
NOTIC: [8] Undefined variable: footer E:\wamp64\www\web-jc\Application\Runtime\Cache\Home\641fb9aa4af09bc22227d69c36dc742e.php 第 158 行.
INFO: Run Behavior\ParseTemplateBehavior [ RunTime:0.038332s ]
INFO: [ view_parse ] --END-- [ RunTime:0.038434s ]
INFO: [ view_filter ] --START--
INFO: Run Behavior\WriteHtmlCacheBehavior [ RunTime:0.000266s ]
INFO: [ view_filter ] --END-- [ RunTime:0.000317s ]
INFO: [ app_end ] --START--
INFO: Run Behavior\ShowPageTraceBehavior [ RunTime:0.000413s ]
INFO: [ app_end ] --END-- [ RunTime:0.000491s ]

[ 2019-04-10T12:07:51+08:00 ] 127.0.0.1 /Home/Information/structure
INFO: [ app_init ] --START--
INFO: Run Behavior\BuildLiteBehavior [ RunTime:0.000020s ]
INFO: [ app_init ] --END-- [ RunTime:0.000121s ]
INFO: [ app_begin ] --START--
INFO: Run Behavior\ReadHtmlCacheBehavior [ RunTime:0.000328s ]
INFO: [ app_begin ] --END-- [ RunTime:0.000425s ]
SQL: SHOW COLUMNS FROM `head_image` [ RunTime:0.0096s ]
SQL: SELECT * FROM `head_image` WHERE ( type = 1 ) LIMIT 1   [ RunTime:0.0019s ]
SQL: SHOW COLUMNS FROM `footer` [ RunTime:0.0105s ]
SQL: SELECT * FROM `footer` LIMIT 1   [ RunTime:0.0017s ]
SQL: SHOW COLUMNS FROM `org_structure` [ RunTime:0.0222s ]
SQL: SELECT * FROM `org_structure` LIMIT 1   [ RunTime:0.0019s ]
INFO: [ view_parse ] --START--
INFO: [ template_filter ] --START--
INFO: Run Behavior\ContentReplaceBehavior [ RunTime:0.000062s ]
INFO: [ template_filter ] --END-- [ RunTime:0.000120s ]
NOTIC: [8] Undefined variable: type E:\wamp64\www\web-jc\Application\Runtime\Cache\Home\ac9b0a1cace77cd5c2d36c4a0dfdeb0e.php 第 109 行.
INFO: Run Behavior\ParseTemplateBehavior [ RunTime:0.003903s ]
INFO: [ view_parse ] --END-- [ RunTime:0.003980s ]
INFO: [ view_filter ] --START--
INFO: Run Behavior\WriteHtmlCacheBehavior [ RunTime:0.000181s ]
INFO: [ view_filter ] --END-- [ RunTime:0.000250s ]
INFO: [ app_end ] --START--
INFO: Run Behavior\ShowPageTraceBehavior [ RunTime:0.000169s ]
INFO: [ app_end ] --END-- [ RunTime:0.000225s ]

[ 2019-04-10T12:07:52+08:00 ] 127.0.0.1 /Home/Information/certificate
INFO: [ app_init ] --START--
INFO: Run Behavior\BuildLiteBehavior [ RunTime:0.000016s ]
INFO: [ app_init ] --END-- [ RunTime:0.000139s ]
INFO: [ app_begin ] --START--
INFO: Run Behavior\ReadHtmlCacheBehavior [ RunTime:0.000184s ]
INFO: [ app_begin ] --END-- [ RunTime:0.000239s ]
SQL: SHOW COLUMNS FROM `head_image` [ RunTime:0.0070s ]
SQL: SELECT * FROM `head_image` WHERE ( type = 1 ) LIMIT 1   [ RunTime:0.0029s ]
SQL: SHOW COLUMNS FROM `footer` [ RunTime:0.0057s ]
SQL: SELECT * FROM `footer` LIMIT 1   [ RunTime:0.0024s ]
SQL: SHOW COLUMNS FROM `constitute_certificate` [ RunTime:0.0061s ]
SQL: SELECT * FROM `constitute_certificate` LIMIT 1   [ RunTime:0.0019s ]
INFO: [ view_parse ] --START--
INFO: [ template_filter ] --START--
INFO: Run Behavior\ContentReplaceBehavior [ RunTime:0.000052s ]
INFO: [ template_filter ] --END-- [ RunTime:0.000096s ]
NOTIC: [8] Undefined variable: type E:\wamp64\www\web-jc\Application\Runtime\Cache\Home\ac8204dedf722490e04f6239e49b69c5.php 第 109 行.
INFO: Run Behavior\ParseTemplateBehavior [ RunTime:0.003401s ]
INFO: [ view_parse ] --END-- [ RunTime:0.003459s ]
INFO: [ view_filter ] --START--
INFO: Run Behavior\WriteHtmlCacheBehavior [ RunTime:0.000167s ]
INFO: [ view_filter ] --END-- [ RunTime:0.000219s ]
INFO: [ app_end ] --START--
INFO: Run Behavior\ShowPageTraceBehavior [ RunTime:0.000159s ]
INFO: [ app_end ] --END-- [ RunTime:0.000204s ]

[ 2019-04-10T12:07:54+08:00 ] 127.0.0.1 /Home/Information/news
INFO: [ app_init ] --START--
INFO: Run Behavior\BuildLiteBehavior [ RunTime:0.000013s ]
INFO: [ app_init ] --END-- [ RunTime:0.000077s ]
INFO: [ app_begin ] --START--
INFO: Run Behavior\ReadHtmlCacheBehavior [ RunTime:0.000133s ]
INFO: [ app_begin ] --END-- [ RunTime:0.000186s ]
SQL: SHOW COLUMNS FROM `head_image` [ RunTime:0.0079s ]
SQL: SELECT * FROM `head_image` WHERE ( type = 2 ) LIMIT 1   [ RunTime:0.0018s ]
SQL: SHOW COLUMNS FROM `footer` [ RunTime:0.0052s ]
SQL: SELECT * FROM `footer` LIMIT 1   [ RunTime:0.0018s ]
SQL: SHOW COLUMNS FROM `news` [ RunTime:0.0073s ]
SQL: SELECT * FROM `news` WHERE ( type=0 ) ORDER BY id desc LIMIT 0,4   [ RunTime:0.0028s ]
SQL: SELECT COUNT(*) AS tp_count FROM `news` WHERE ( type = 0 ) LIMIT 1   [ RunTime:0.0021s ]
INFO: [ view_parse ] --START--
INFO: [ template_filter ] --START--
INFO: Run Behavior\ContentReplaceBehavior [ RunTime:0.000066s ]
INFO: [ template_filter ] --END-- [ RunTime:0.000108s ]
NOTIC: [8] Undefined variable: type E:\wamp64\www\web-jc\Application\Runtime\Cache\Home\77a814446ea1d9a4d011f19ccdbe5997.php 第 109 行.
NOTIC: [2] Use of undefined constant i - assumed 'i' (this will throw an Error in a future version of PHP) E:\wamp64\www\web-jc\Application\Runtime\Cache\Home\77a814446ea1d9a4d011f19ccdbe5997.php 第 128 行.
NOTIC: [2] Use of undefined constant i - assumed 'i' (this will throw an Error in a future version of PHP) E:\wamp64\www\web-jc\Application\Runtime\Cache\Home\77a814446ea1d9a4d011f19ccdbe5997.php 第 128 行.
NOTIC: [2] Use of undefined constant i - assumed 'i' (this will throw an Error in a future version of PHP) E:\wamp64\www\web-jc\Application\Runtime\Cache\Home\77a814446ea1d9a4d011f19ccdbe5997.php 第 128 行.
NOTIC: [2] Use of undefined constant i - assumed 'i' (this will throw an Error in a future version of PHP) E:\wamp64\www\web-jc\Application\Runtime\Cache\Home\77a814446ea1d9a4d011f19ccdbe5997.php 第 128 行.
NOTIC: [2] Use of undefined constant i - assumed 'i' (this will throw an Error in a future version of PHP) E:\wamp64\www\web-jc\Application\Runtime\Cache\Home\77a814446ea1d9a4d011f19ccdbe5997.php 第 128 行.
NOTIC: [2] Use of undefined constant i - assumed 'i' (this will throw an Error in a future version of PHP) E:\wamp64\www\web-jc\Application\Runtime\Cache\Home\77a814446ea1d9a4d011f19ccdbe5997.php 第 128 行.
NOTIC: [2] Use of undefined constant i - assumed 'i' (this will throw an Error in a future version of PHP) E:\wamp64\www\web-jc\Application\Runtime\Cache\Home\77a814446ea1d9a4d011f19ccdbe5997.php 第 128 行.
NOTIC: [2] Use of undefined constant i - assumed 'i' (this will throw an Error in a future version of PHP) E:\wamp64\www\web-jc\Application\Runtime\Cache\Home\77a814446ea1d9a4d011f19ccdbe5997.php 第 128 行.
NOTIC: [2] Use of undefined constant i - assumed 'i' (this will throw an Error in a future version of PHP) E:\wamp64\www\web-jc\Application\Runtime\Cache\Home\77a814446ea1d9a4d011f19ccdbe5997.php 第 128 行.
INFO: Run Behavior\ParseTemplateBehavior [ RunTime:0.056122s ]
INFO: [ view_parse ] --END-- [ RunTime:0.056189s ]
INFO: [ view_filter ] --START--
INFO: Run Behavior\WriteHtmlCacheBehavior [ RunTime:0.000235s ]
INFO: [ view_filter ] --END-- [ RunTime:0.000296s ]
INFO: [ app_end ] --START--
INFO: Run Behavior\ShowPageTraceBehavior [ RunTime:0.000169s ]
INFO: [ app_end ] --END-- [ RunTime:0.000262s ]

[ 2019-04-10T12:07:56+08:00 ] 127.0.0.1 /Home/Information/notice
INFO: [ app_init ] --START--
INFO: Run Behavior\BuildLiteBehavior [ RunTime:0.000016s ]
INFO: [ app_init ] --END-- [ RunTime:0.000159s ]
INFO: [ app_begin ] --START--
INFO: Run Behavior\ReadHtmlCacheBehavior [ RunTime:0.000389s ]
INFO: [ app_begin ] --END-- [ RunTime:0.000490s ]
INFO: [ view_parse ] --START--
INFO: [ template_filter ] --START--
INFO: Run Behavior\ContentReplaceBehavior [ RunTime:0.000086s ]
INFO: [ template_filter ] --END-- [ RunTime:0.000153s ]
NOTIC: [8] Undefined variable: type E:\wamp64\www\web-jc\Application\Runtime\Cache\Home\f844fb8cfd2c81c0d4b6685e32c69682.php 第 109 行.
NOTIC: [8] Undefined variable: notice E:\wamp64\www\web-jc\Application\Runtime\Cache\Home\f844fb8cfd2c81c0d4b6685e32c69682.php 第 129 行.
NOTIC: [8] Undefined variable: pagination1 E:\wamp64\www\web-jc\Application\Runtime\Cache\Home\f844fb8cfd2c81c0d4b6685e32c69682.php 第 243 行.
NOTIC: [8] Undefined variable: footer E:\wamp64\www\web-jc\Application\Runtime\Cache\Home\f844fb8cfd2c81c0d4b6685e32c69682.php 第 255 行.
NOTIC: [8] Undefined variable: footer E:\wamp64\www\web-jc\Application\Runtime\Cache\Home\f844fb8cfd2c81c0d4b6685e32c69682.php 第 256 行.
NOTIC: [8] Undefined variable: footer E:\wamp64\www\web-jc\Application\Runtime\Cache\Home\f844fb8cfd2c81c0d4b6685e32c69682.php 第 259 行.
NOTIC: [8] Undefined variable: footer E:\wamp64\www\web-jc\Application\Runtime\Cache\Home\f844fb8cfd2c81c0d4b6685e32c69682.php 第 260 行.
INFO: Run Behavior\ParseTemplateBehavior [ RunTime:0.019216s ]
INFO: [ view_parse ] --END-- [ RunTime:0.019285s ]
INFO: [ view_filter ] --START--
INFO: Run Behavior\WriteHtmlCacheBehavior [ RunTime:0.000257s ]
INFO: [ view_filter ] --END-- [ RunTime:0.000311s ]
INFO: [ app_end ] --START--
INFO: Run Behavior\ShowPageTraceBehavior [ RunTime:0.000427s ]
INFO: [ app_end ] --END-- [ RunTime:0.000584s ]

[ 2019-04-10T12:07:58+08:00 ] 127.0.0.1 /Home/Information/news
INFO: [ app_init ] --START--
INFO: Run Behavior\BuildLiteBehavior [ RunTime:0.000016s ]
INFO: [ app_init ] --END-- [ RunTime:0.000092s ]
INFO: [ app_begin ] --START--
INFO: Run Behavior\ReadHtmlCacheBehavior [ RunTime:0.000223s ]
INFO: [ app_begin ] --END-- [ RunTime:0.000338s ]
SQL: SHOW COLUMNS FROM `head_image` [ RunTime:0.0088s ]
SQL: SELECT * FROM `head_image` WHERE ( type = 2 ) LIMIT 1   [ RunTime:0.0018s ]
SQL: SHOW COLUMNS FROM `footer` [ RunTime:0.0061s ]
SQL: SELECT * FROM `footer` LIMIT 1   [ RunTime:0.0019s ]
SQL: SHOW COLUMNS FROM `news` [ RunTime:0.0062s ]
SQL: SELECT * FROM `news` WHERE ( type=0 ) ORDER BY id desc LIMIT 0,4   [ RunTime:0.0019s ]
SQL: SELECT COUNT(*) AS tp_count FROM `news` WHERE ( type = 0 ) LIMIT 1   [ RunTime:0.0019s ]
INFO: [ view_parse ] --START--
INFO: [ template_filter ] --START--
INFO: Run Behavior\ContentReplaceBehavior [ RunTime:0.000066s ]
INFO: [ template_filter ] --END-- [ RunTime:0.000112s ]
NOTIC: [8] Undefined variable: type E:\wamp64\www\web-jc\Application\Runtime\Cache\Home\77a814446ea1d9a4d011f19ccdbe5997.php 第 109 行.
NOTIC: [2] Use of undefined constant i - assumed 'i' (this will throw an Error in a future version of PHP) E:\wamp64\www\web-jc\Application\Runtime\Cache\Home\77a814446ea1d9a4d011f19ccdbe5997.php 第 128 行.
NOTIC: [2] Use of undefined constant i - assumed 'i' (this will throw an Error in a future version of PHP) E:\wamp64\www\web-jc\Application\Runtime\Cache\Home\77a814446ea1d9a4d011f19ccdbe5997.php 第 128 行.
NOTIC: [2] Use of undefined constant i - assumed 'i' (this will throw an Error in a future version of PHP) E:\wamp64\www\web-jc\Application\Runtime\Cache\Home\77a814446ea1d9a4d011f19ccdbe5997.php 第 128 行.
NOTIC: [2] Use of undefined constant i - assumed 'i' (this will throw an Error in a future version of PHP) E:\wamp64\www\web-jc\Application\Runtime\Cache\Home\77a814446ea1d9a4d011f19ccdbe5997.php 第 128 行.
NOTIC: [2] Use of undefined constant i - assumed 'i' (this will throw an Error in a future version of PHP) E:\wamp64\www\web-jc\Application\Runtime\Cache\Home\77a814446ea1d9a4d011f19ccdbe5997.php 第 128 行.
NOTIC: [2] Use of undefined constant i - assumed 'i' (this will throw an Error in a future version of PHP) E:\wamp64\www\web-jc\Application\Runtime\Cache\Home\77a814446ea1d9a4d011f19ccdbe5997.php 第 128 行.
NOTIC: [2] Use of undefined constant i - assumed 'i' (this will throw an Error in a future version of PHP) E:\wamp64\www\web-jc\Application\Runtime\Cache\Home\77a814446ea1d9a4d011f19ccdbe5997.php 第 128 行.
NOTIC: [2] Use of undefined constant i - assumed 'i' (this will throw an Error in a future version of PHP) E:\wamp64\www\web-jc\Application\Runtime\Cache\Home\77a814446ea1d9a4d011f19ccdbe5997.php 第 128 行.
NOTIC: [2] Use of undefined constant i - assumed 'i' (this will throw an Error in a future version of PHP) E:\wamp64\www\web-jc\Application\Runtime\Cache\Home\77a814446ea1d9a4d011f19ccdbe5997.php 第 128 行.
INFO: Run Behavior\ParseTemplateBehavior [ RunTime:0.004456s ]
INFO: [ view_parse ] --END-- [ RunTime:0.004515s ]
INFO: [ view_filter ] --START--
INFO: Run Behavior\WriteHtmlCacheBehavior [ RunTime:0.000135s ]
INFO: [ view_filter ] --END-- [ RunTime:0.000185s ]
INFO: [ app_end ] --START--
INFO: Run Behavior\ShowPageTraceBehavior [ RunTime:0.000227s ]
INFO: [ app_end ] --END-- [ RunTime:0.000271s ]

[ 2019-04-10T12:08:00+08:00 ] 127.0.0.1 /Home/Information/process
INFO: [ app_init ] --START--
INFO: Run Behavior\BuildLiteBehavior [ RunTime:0.000057s ]
INFO: [ app_init ] --END-- [ RunTime:0.000387s ]
INFO: [ app_begin ] --START--
INFO: Run Behavior\ReadHtmlCacheBehavior [ RunTime:0.000197s ]
INFO: [ app_begin ] --END-- [ RunTime:0.000270s ]
SQL: SHOW COLUMNS FROM `head_image` [ RunTime:0.0139s ]
SQL: SELECT * FROM `head_image` WHERE ( type = 3 ) LIMIT 1   [ RunTime:0.0019s ]
SQL: SHOW COLUMNS FROM `footer` [ RunTime:0.0102s ]
SQL: SELECT * FROM `footer` LIMIT 1   [ RunTime:0.0019s ]
SQL: SHOW COLUMNS FROM `inspection_process` [ RunTime:0.0074s ]
SQL: SELECT * FROM `inspection_process` LIMIT 1   [ RunTime:0.0018s ]
INFO: [ view_parse ] --START--
INFO: [ template_filter ] --START--
INFO: Run Behavior\ContentReplaceBehavior [ RunTime:0.000051s ]
INFO: [ template_filter ] --END-- [ RunTime:0.000110s ]
INFO: Run Behavior\ParseTemplateBehavior [ RunTime:0.003763s ]
INFO: [ view_parse ] --END-- [ RunTime:0.003849s ]
INFO: [ view_filter ] --START--
INFO: Run Behavior\WriteHtmlCacheBehavior [ RunTime:0.000223s ]
INFO: [ view_filter ] --END-- [ RunTime:0.000299s ]
INFO: [ app_end ] --START--
INFO: Run Behavior\ShowPageTraceBehavior [ RunTime:0.000305s ]
INFO: [ app_end ] --END-- [ RunTime:0.000377s ]

[ 2019-04-10T12:08:00+08:00 ] 127.0.0.1 /Uploads/ueditor/image/20190329/5c9decc2463fc.png
INFO: [ app_init ] --START--
INFO: Run Behavior\BuildLiteBehavior [ RunTime:0.000013s ]
INFO: [ app_init ] --END-- [ RunTime:0.000094s ]

[ 2019-04-10T12:08:02+08:00 ] 127.0.0.1 /Home/Information/scope
INFO: [ app_init ] --START--
INFO: Run Behavior\BuildLiteBehavior [ RunTime:0.000011s ]
INFO: [ app_init ] --END-- [ RunTime:0.000068s ]
INFO: [ app_begin ] --START--
INFO: Run Behavior\ReadHtmlCacheBehavior [ RunTime:0.000130s ]
INFO: [ app_begin ] --END-- [ RunTime:0.000186s ]
SQL: SHOW COLUMNS FROM `head_image` [ RunTime:0.0086s ]
SQL: SELECT * FROM `head_image` WHERE ( type = 3 ) LIMIT 1   [ RunTime:0.0021s ]
SQL: SHOW COLUMNS FROM `footer` [ RunTime:0.0053s ]
SQL: SELECT * FROM `footer` LIMIT 1   [ RunTime:0.0019s ]
INFO: [ view_parse ] --START--
INFO: [ template_filter ] --START--
INFO: Run Behavior\ContentReplaceBehavior [ RunTime:0.000056s ]
INFO: [ template_filter ] --END-- [ RunTime:0.000102s ]
NOTIC: [8] Undefined variable: scope E:\wamp64\www\web-jc\Application\Runtime\Cache\Home\de56923d4df1834f777af520fc727599.php 第 116 行.
NOTIC: [8] Undefined variable: pagination E:\wamp64\www\web-jc\Application\Runtime\Cache\Home\de56923d4df1834f777af520fc727599.php 第 119 行.
INFO: Run Behavior\ParseTemplateBehavior [ RunTime:0.003888s ]
INFO: [ view_parse ] --END-- [ RunTime:0.003947s ]
INFO: [ view_filter ] --START--
INFO: Run Behavior\WriteHtmlCacheBehavior [ RunTime:0.000143s ]
INFO: [ view_filter ] --END-- [ RunTime:0.000192s ]
INFO: [ app_end ] --START--
INFO: Run Behavior\ShowPageTraceBehavior [ RunTime:0.000178s ]
INFO: [ app_end ] --END-- [ RunTime:0.000235s ]

[ 2019-04-10T12:08:03+08:00 ] 127.0.0.1 /Home/Information/scope
INFO: [ app_init ] --START--
INFO: Run Behavior\BuildLiteBehavior [ RunTime:0.000013s ]
INFO: [ app_init ] --END-- [ RunTime:0.000116s ]
INFO: [ app_begin ] --START--
INFO: Run Behavior\ReadHtmlCacheBehavior [ RunTime:0.000153s ]
INFO: [ app_begin ] --END-- [ RunTime:0.000197s ]
SQL: SHOW COLUMNS FROM `head_image` [ RunTime:0.0120s ]
SQL: SELECT * FROM `head_image` WHERE ( type = 3 ) LIMIT 1   [ RunTime:0.0027s ]
SQL: SHOW COLUMNS FROM `footer` [ RunTime:0.0061s ]
SQL: SELECT * FROM `footer` LIMIT 1   [ RunTime:0.0019s ]
INFO: [ view_parse ] --START--
INFO: [ template_filter ] --START--
INFO: Run Behavior\ContentReplaceBehavior [ RunTime:0.000048s ]
INFO: [ template_filter ] --END-- [ RunTime:0.000090s ]
NOTIC: [8] Undefined variable: scope E:\wamp64\www\web-jc\Application\Runtime\Cache\Home\de56923d4df1834f777af520fc727599.php 第 116 行.
NOTIC: [8] Undefined variable: pagination E:\wamp64\www\web-jc\Application\Runtime\Cache\Home\de56923d4df1834f777af520fc727599.php 第 119 行.
INFO: Run Behavior\ParseTemplateBehavior [ RunTime:0.004008s ]
INFO: [ view_parse ] --END-- [ RunTime:0.004062s ]
INFO: [ view_filter ] --START--
INFO: Run Behavior\WriteHtmlCacheBehavior [ RunTime:0.000246s ]
INFO: [ view_filter ] --END-- [ RunTime:0.000311s ]
INFO: [ app_end ] --START--
INFO: Run Behavior\ShowPageTraceBehavior [ RunTime:0.000304s ]
INFO: [ app_end ] --END-- [ RunTime:0.000399s ]

[ 2019-04-10T12:08:04+08:00 ] 127.0.0.1 /Home/Information/certificate
INFO: [ app_init ] --START--
INFO: Run Behavior\BuildLiteBehavior [ RunTime:0.000011s ]
INFO: [ app_init ] --END-- [ RunTime:0.000065s ]
INFO: [ app_begin ] --START--
INFO: Run Behavior\ReadHtmlCacheBehavior [ RunTime:0.000108s ]
INFO: [ app_begin ] --END-- [ RunTime:0.000151s ]
SQL: SHOW COLUMNS FROM `head_image` [ RunTime:0.0087s ]
SQL: SELECT * FROM `head_image` WHERE ( type = 1 ) LIMIT 1   [ RunTime:0.0018s ]
SQL: SHOW COLUMNS FROM `footer` [ RunTime:0.0051s ]
SQL: SELECT * FROM `footer` LIMIT 1   [ RunTime:0.0020s ]
SQL: SHOW COLUMNS FROM `constitute_certificate` [ RunTime:0.0062s ]
SQL: SELECT * FROM `constitute_certificate` LIMIT 1   [ RunTime:0.0019s ]
INFO: [ view_parse ] --START--
INFO: [ template_filter ] --START--
INFO: Run Behavior\ContentReplaceBehavior [ RunTime:0.000052s ]
INFO: [ template_filter ] --END-- [ RunTime:0.000093s ]
NOTIC: [8] Undefined variable: type E:\wamp64\www\web-jc\Application\Runtime\Cache\Home\ac8204dedf722490e04f6239e49b69c5.php 第 109 行.
INFO: Run Behavior\ParseTemplateBehavior [ RunTime:0.003080s ]
INFO: [ view_parse ] --END-- [ RunTime:0.003137s ]
INFO: [ view_filter ] --START--
INFO: Run Behavior\WriteHtmlCacheBehavior [ RunTime:0.000127s ]
INFO: [ view_filter ] --END-- [ RunTime:0.000179s ]
INFO: [ app_end ] --START--
INFO: Run Behavior\ShowPageTraceBehavior [ RunTime:0.000223s ]
INFO: [ app_end ] --END-- [ RunTime:0.000284s ]

[ 2019-04-10T12:08:07+08:00 ] 127.0.0.1 /Home/Information/certificate
INFO: [ app_init ] --START--
INFO: Run Behavior\BuildLiteBehavior [ RunTime:0.000056s ]
INFO: [ app_init ] --END-- [ RunTime:0.000247s ]
INFO: [ app_begin ] --START--
INFO: Run Behavior\ReadHtmlCacheBehavior [ RunTime:0.000180s ]
INFO: [ app_begin ] --END-- [ RunTime:0.000236s ]
SQL: SHOW COLUMNS FROM `head_image` [ RunTime:0.0087s ]
SQL: SELECT * FROM `head_image` WHERE ( type = 1 ) LIMIT 1   [ RunTime:0.0017s ]
SQL: SHOW COLUMNS FROM `footer` [ RunTime:0.0199s ]
SQL: SELECT * FROM `footer` LIMIT 1   [ RunTime:0.0019s ]
SQL: SHOW COLUMNS FROM `constitute_certificate` [ RunTime:0.0071s ]
SQL: SELECT * FROM `constitute_certificate` LIMIT 1   [ RunTime:0.0025s ]
INFO: [ view_parse ] --START--
INFO: [ template_filter ] --START--
INFO: Run Behavior\ContentReplaceBehavior [ RunTime:0.000180s ]
INFO: [ template_filter ] --END-- [ RunTime:0.000339s ]
NOTIC: [8] Undefined variable: type E:\wamp64\www\web-jc\Application\Runtime\Cache\Home\ac8204dedf722490e04f6239e49b69c5.php 第 109 行.
INFO: Run Behavior\ParseTemplateBehavior [ RunTime:0.010702s ]
INFO: [ view_parse ] --END-- [ RunTime:0.010904s ]
INFO: [ view_filter ] --START--
INFO: Run Behavior\WriteHtmlCacheBehavior [ RunTime:0.000594s ]
INFO: [ view_filter ] --END-- [ RunTime:0.000771s ]
INFO: [ app_end ] --START--
INFO: Run Behavior\ShowPageTraceBehavior [ RunTime:0.000563s ]
INFO: [ app_end ] --END-- [ RunTime:0.000724s ]

[ 2019-04-10T12:08:11+08:00 ] 127.0.0.1 /Home/Information/project
INFO: [ app_init ] --START--
INFO: Run Behavior\BuildLiteBehavior [ RunTime:0.000021s ]
INFO: [ app_init ] --END-- [ RunTime:0.000189s ]
INFO: [ app_begin ] --START--
INFO: Run Behavior\ReadHtmlCacheBehavior [ RunTime:0.000302s ]
INFO: [ app_begin ] --END-- [ RunTime:0.000424s ]
INFO: [ view_parse ] --START--
INFO: [ template_filter ] --START--
INFO: Run Behavior\ContentReplaceBehavior [ RunTime:0.000050s ]
INFO: [ template_filter ] --END-- [ RunTime:0.000097s ]
NOTIC: [8] Undefined variable: scope E:\wamp64\www\web-jc\Application\Runtime\Cache\Home\1557b2edbcadf09d5e2ede12e7c00cbe.php 第 116 行.
NOTIC: [8] Undefined variable: pagination E:\wamp64\www\web-jc\Application\Runtime\Cache\Home\1557b2edbcadf09d5e2ede12e7c00cbe.php 第 121 行.
NOTIC: [8] Undefined variable: footer E:\wamp64\www\web-jc\Application\Runtime\Cache\Home\1557b2edbcadf09d5e2ede12e7c00cbe.php 第 130 行.
NOTIC: [8] Undefined variable: footer E:\wamp64\www\web-jc\Application\Runtime\Cache\Home\1557b2edbcadf09d5e2ede12e7c00cbe.php 第 131 行.
NOTIC: [8] Undefined variable: footer E:\wamp64\www\web-jc\Application\Runtime\Cache\Home\1557b2edbcadf09d5e2ede12e7c00cbe.php 第 134 行.
NOTIC: [8] Undefined variable: footer E:\wamp64\www\web-jc\Application\Runtime\Cache\Home\1557b2edbcadf09d5e2ede12e7c00cbe.php 第 135 行.
INFO: Run Behavior\ParseTemplateBehavior [ RunTime:0.004091s ]
INFO: [ view_parse ] --END-- [ RunTime:0.004160s ]
INFO: [ view_filter ] --START--
INFO: Run Behavior\WriteHtmlCacheBehavior [ RunTime:0.000222s ]
INFO: [ view_filter ] --END-- [ RunTime:0.000272s ]
INFO: [ app_end ] --START--
INFO: Run Behavior\ShowPageTraceBehavior [ RunTime:0.000158s ]
INFO: [ app_end ] --END-- [ RunTime:0.000216s ]

[ 2019-04-10T12:08:13+08:00 ] 127.0.0.1 /Home/Information/issued
INFO: [ app_init ] --START--
INFO: Run Behavior\BuildLiteBehavior [ RunTime:0.000012s ]
INFO: [ app_init ] --END-- [ RunTime:0.000073s ]
INFO: [ app_begin ] --START--
INFO: Run Behavior\ReadHtmlCacheBehavior [ RunTime:0.000179s ]
INFO: [ app_begin ] --END-- [ RunTime:0.000282s ]
INFO: [ view_parse ] --START--
INFO: [ template_filter ] --START--
INFO: Run Behavior\ContentReplaceBehavior [ RunTime:0.000048s ]
INFO: [ template_filter ] --END-- [ RunTime:0.000094s ]
NOTIC: [8] Undefined variable: scope E:\wamp64\www\web-jc\Application\Runtime\Cache\Home\ef7aebd36c65aa6739aec858f1c6963a.php 第 116 行.
NOTIC: [8] Undefined variable: pagination E:\wamp64\www\web-jc\Application\Runtime\Cache\Home\ef7aebd36c65aa6739aec858f1c6963a.php 第 121 行.
NOTIC: [8] Undefined variable: footer E:\wamp64\www\web-jc\Application\Runtime\Cache\Home\ef7aebd36c65aa6739aec858f1c6963a.php 第 130 行.
NOTIC: [8] Undefined variable: footer E:\wamp64\www\web-jc\Application\Runtime\Cache\Home\ef7aebd36c65aa6739aec858f1c6963a.php 第 131 行.
NOTIC: [8] Undefined variable: footer E:\wamp64\www\web-jc\Application\Runtime\Cache\Home\ef7aebd36c65aa6739aec858f1c6963a.php 第 134 行.
NOTIC: [8] Undefined variable: footer E:\wamp64\www\web-jc\Application\Runtime\Cache\Home\ef7aebd36c65aa6739aec858f1c6963a.php 第 135 行.
INFO: Run Behavior\ParseTemplateBehavior [ RunTime:0.017263s ]
INFO: [ view_parse ] --END-- [ RunTime:0.017361s ]
INFO: [ view_filter ] --START--
INFO: Run Behavior\WriteHtmlCacheBehavior [ RunTime:0.000182s ]
INFO: [ view_filter ] --END-- [ RunTime:0.000247s ]
INFO: [ app_end ] --START--
INFO: Run Behavior\ShowPageTraceBehavior [ RunTime:0.000130s ]
INFO: [ app_end ] --END-- [ RunTime:0.000203s ]

[ 2019-04-10T12:08:16+08:00 ] 127.0.0.1 /Home/Information/project
INFO: [ app_init ] --START--
INFO: Run Behavior\BuildLiteBehavior [ RunTime:0.000022s ]
INFO: [ app_init ] --END-- [ RunTime:0.000229s ]
INFO: [ app_begin ] --START--
INFO: Run Behavior\ReadHtmlCacheBehavior [ RunTime:0.000232s ]
INFO: [ app_begin ] --END-- [ RunTime:0.000328s ]
INFO: [ view_parse ] --START--
INFO: [ template_filter ] --START--
INFO: Run Behavior\ContentReplaceBehavior [ RunTime:0.000050s ]
INFO: [ template_filter ] --END-- [ RunTime:0.000092s ]
NOTIC: [8] Undefined variable: scope E:\wamp64\www\web-jc\Application\Runtime\Cache\Home\1557b2edbcadf09d5e2ede12e7c00cbe.php 第 116 行.
NOTIC: [8] Undefined variable: pagination E:\wamp64\www\web-jc\Application\Runtime\Cache\Home\1557b2edbcadf09d5e2ede12e7c00cbe.php 第 121 行.
NOTIC: [8] Undefined variable: footer E:\wamp64\www\web-jc\Application\Runtime\Cache\Home\1557b2edbcadf09d5e2ede12e7c00cbe.php 第 130 行.
NOTIC: [8] Undefined variable: footer E:\wamp64\www\web-jc\Application\Runtime\Cache\Home\1557b2edbcadf09d5e2ede12e7c00cbe.php 第 131 行.
NOTIC: [8] Undefined variable: footer E:\wamp64\www\web-jc\Application\Runtime\Cache\Home\1557b2edbcadf09d5e2ede12e7c00cbe.php 第 134 行.
NOTIC: [8] Undefined variable: footer E:\wamp64\www\web-jc\Application\Runtime\Cache\Home\1557b2edbcadf09d5e2ede12e7c00cbe.php 第 135 行.
INFO: Run Behavior\ParseTemplateBehavior [ RunTime:0.003746s ]
INFO: [ view_parse ] --END-- [ RunTime:0.003807s ]
INFO: [ view_filter ] --START--
INFO: Run Behavior\WriteHtmlCacheBehavior [ RunTime:0.000291s ]
INFO: [ view_filter ] --END-- [ RunTime:0.000346s ]
INFO: [ app_end ] --START--
INFO: Run Behavior\ShowPageTraceBehavior [ RunTime:0.000384s ]
INFO: [ app_end ] --END-- [ RunTime:0.000474s ]

[ 2019-04-10T12:08:16+08:00 ] 127.0.0.1 /Home/Information/issued
INFO: [ app_init ] --START--
INFO: Run Behavior\BuildLiteBehavior [ RunTime:0.000030s ]
INFO: [ app_init ] --END-- [ RunTime:0.000132s ]
INFO: [ app_begin ] --START--
INFO: Run Behavior\ReadHtmlCacheBehavior [ RunTime:0.000153s ]
INFO: [ app_begin ] --END-- [ RunTime:0.000272s ]
INFO: [ view_parse ] --START--
INFO: [ template_filter ] --START--
INFO: Run Behavior\ContentReplaceBehavior [ RunTime:0.000049s ]
INFO: [ template_filter ] --END-- [ RunTime:0.000092s ]
NOTIC: [8] Undefined variable: scope E:\wamp64\www\web-jc\Application\Runtime\Cache\Home\ef7aebd36c65aa6739aec858f1c6963a.php 第 116 行.
NOTIC: [8] Undefined variable: pagination E:\wamp64\www\web-jc\Application\Runtime\Cache\Home\ef7aebd36c65aa6739aec858f1c6963a.php 第 121 行.
NOTIC: [8] Undefined variable: footer E:\wamp64\www\web-jc\Application\Runtime\Cache\Home\ef7aebd36c65aa6739aec858f1c6963a.php 第 130 行.
NOTIC: [8] Undefined variable: footer E:\wamp64\www\web-jc\Application\Runtime\Cache\Home\ef7aebd36c65aa6739aec858f1c6963a.php 第 131 行.
NOTIC: [8] Undefined variable: footer E:\wamp64\www\web-jc\Application\Runtime\Cache\Home\ef7aebd36c65aa6739aec858f1c6963a.php 第 134 行.
NOTIC: [8] Undefined variable: footer E:\wamp64\www\web-jc\Application\Runtime\Cache\Home\ef7aebd36c65aa6739aec858f1c6963a.php 第 135 行.
INFO: Run Behavior\ParseTemplateBehavior [ RunTime:0.004136s ]
INFO: [ view_parse ] --END-- [ RunTime:0.004204s ]
INFO: [ view_filter ] --START--
INFO: Run Behavior\WriteHtmlCacheBehavior [ RunTime:0.000132s ]
INFO: [ view_filter ] --END-- [ RunTime:0.000180s ]
INFO: [ app_end ] --START--
INFO: Run Behavior\ShowPageTraceBehavior [ RunTime:0.000205s ]
INFO: [ app_end ] --END-- [ RunTime:0.000280s ]

[ 2019-04-10T12:08:18+08:00 ] 127.0.0.1 /Home/Information/dynamic
INFO: [ app_init ] --START--
INFO: Run Behavior\BuildLiteBehavior [ RunTime:0.000020s ]
INFO: [ app_init ] --END-- [ RunTime:0.000113s ]
INFO: [ app_begin ] --START--
INFO: Run Behavior\ReadHtmlCacheBehavior [ RunTime:0.000148s ]
INFO: [ app_begin ] --END-- [ RunTime:0.000204s ]
INFO: [ view_parse ] --START--
INFO: [ template_filter ] --START--
INFO: Run Behavior\ContentReplaceBehavior [ RunTime:0.000062s ]
INFO: [ template_filter ] --END-- [ RunTime:0.000117s ]
NOTIC: [8] Undefined variable: scope E:\wamp64\www\web-jc\Application\Runtime\Cache\Home\0a43ab617806bf83e34a46000bef6d91.php 第 116 行.
NOTIC: [8] Undefined variable: pagination E:\wamp64\www\web-jc\Application\Runtime\Cache\Home\0a43ab617806bf83e34a46000bef6d91.php 第 121 行.
NOTIC: [8] Undefined variable: footer E:\wamp64\www\web-jc\Application\Runtime\Cache\Home\0a43ab617806bf83e34a46000bef6d91.php 第 130 行.
NOTIC: [8] Undefined variable: footer E:\wamp64\www\web-jc\Application\Runtime\Cache\Home\0a43ab617806bf83e34a46000bef6d91.php 第 131 行.
NOTIC: [8] Undefined variable: footer E:\wamp64\www\web-jc\Application\Runtime\Cache\Home\0a43ab617806bf83e34a46000bef6d91.php 第 134 行.
NOTIC: [8] Undefined variable: footer E:\wamp64\www\web-jc\Application\Runtime\Cache\Home\0a43ab617806bf83e34a46000bef6d91.php 第 135 行.
INFO: Run Behavior\ParseTemplateBehavior [ RunTime:0.004624s ]
INFO: [ view_parse ] --END-- [ RunTime:0.004698s ]
INFO: [ view_filter ] --START--
INFO: Run Behavior\WriteHtmlCacheBehavior [ RunTime:0.000178s ]
INFO: [ view_filter ] --END-- [ RunTime:0.000241s ]
INFO: [ app_end ] --START--
INFO: Run Behavior\ShowPageTraceBehavior [ RunTime:0.000154s ]
INFO: [ app_end ] --END-- [ RunTime:0.000210s ]

[ 2019-04-10T12:08:20+08:00 ] 127.0.0.1 /Home/Information/file
INFO: [ app_init ] --START--
INFO: Run Behavior\BuildLiteBehavior [ RunTime:0.000014s ]
INFO: [ app_init ] --END-- [ RunTime:0.000169s ]
INFO: [ app_begin ] --START--
INFO: Run Behavior\ReadHtmlCacheBehavior [ RunTime:0.000305s ]
INFO: [ app_begin ] --END-- [ RunTime:0.000402s ]
SQL: SHOW COLUMNS FROM `head_image` [ RunTime:0.0106s ]
SQL: SELECT * FROM `head_image` WHERE ( type = 5 ) LIMIT 1   [ RunTime:0.0029s ]
SQL: SHOW COLUMNS FROM `footer` [ RunTime:0.0062s ]
SQL: SELECT * FROM `footer` LIMIT 1   [ RunTime:0.0028s ]
SQL: SHOW COLUMNS FROM `file_download` [ RunTime:0.0082s ]
SQL: SELECT * FROM `file_download` WHERE ( type=0 ) ORDER BY id desc LIMIT 0,4   [ RunTime:0.0030s ]
SQL: SELECT COUNT(*) AS tp_count FROM `file_download` WHERE ( type = 0 ) LIMIT 1   [ RunTime:0.0029s ]
INFO: [ view_parse ] --START--
INFO: [ template_filter ] --START--
INFO: Run Behavior\ContentReplaceBehavior [ RunTime:0.000125s ]
INFO: [ template_filter ] --END-- [ RunTime:0.000233s ]
NOTIC: [8] Undefined variable: boby E:\wamp64\www\web-jc\Application\Runtime\Cache\Home\3ef8154307c2612e48cbf07204f12465.php 第 118 行.
NOTIC: [8] Undefined variable: standard E:\wamp64\www\web-jc\Application\Runtime\Cache\Home\3ef8154307c2612e48cbf07204f12465.php 第 130 行.
NOTIC: [8] Undefined variable: pagination2 E:\wamp64\www\web-jc\Application\Runtime\Cache\Home\3ef8154307c2612e48cbf07204f12465.php 第 133 行.
INFO: Run Behavior\ParseTemplateBehavior [ RunTime:0.051096s ]
INFO: [ view_parse ] --END-- [ RunTime:0.051192s ]
INFO: [ view_filter ] --START--
INFO: Run Behavior\WriteHtmlCacheBehavior [ RunTime:0.000430s ]
INFO: [ view_filter ] --END-- [ RunTime:0.000546s ]
INFO: [ app_end ] --START--
INFO: Run Behavior\ShowPageTraceBehavior [ RunTime:0.000408s ]
INFO: [ app_end ] --END-- [ RunTime:0.000513s ]

[ 2019-04-10T12:08:22+08:00 ] 127.0.0.1 /Home/Information/file
INFO: [ app_init ] --START--
INFO: Run Behavior\BuildLiteBehavior [ RunTime:0.000014s ]
INFO: [ app_init ] --END-- [ RunTime:0.000076s ]
INFO: [ app_begin ] --START--
INFO: Run Behavior\ReadHtmlCacheBehavior [ RunTime:0.000243s ]
INFO: [ app_begin ] --END-- [ RunTime:0.000349s ]
SQL: SHOW COLUMNS FROM `head_image` [ RunTime:0.0087s ]
SQL: SELECT * FROM `head_image` WHERE ( type = 5 ) LIMIT 1   [ RunTime:0.0030s ]
SQL: SHOW COLUMNS FROM `footer` [ RunTime:0.0061s ]
SQL: SELECT * FROM `footer` LIMIT 1   [ RunTime:0.0020s ]
SQL: SHOW COLUMNS FROM `file_download` [ RunTime:0.0128s ]
SQL: SELECT * FROM `file_download` WHERE ( type=0 ) ORDER BY id desc LIMIT 0,4   [ RunTime:0.0044s ]
SQL: SELECT COUNT(*) AS tp_count FROM `file_download` WHERE ( type = 0 ) LIMIT 1   [ RunTime:0.0019s ]
INFO: [ view_parse ] --START--
INFO: [ template_filter ] --START--
INFO: Run Behavior\ContentReplaceBehavior [ RunTime:0.000066s ]
INFO: [ template_filter ] --END-- [ RunTime:0.000121s ]
NOTIC: [8] Undefined variable: boby E:\wamp64\www\web-jc\Application\Runtime\Cache\Home\3ef8154307c2612e48cbf07204f12465.php 第 118 行.
NOTIC: [8] Undefined variable: standard E:\wamp64\www\web-jc\Application\Runtime\Cache\Home\3ef8154307c2612e48cbf07204f12465.php 第 130 行.
NOTIC: [8] Undefined variable: pagination2 E:\wamp64\www\web-jc\Application\Runtime\Cache\Home\3ef8154307c2612e48cbf07204f12465.php 第 133 行.
INFO: Run Behavior\ParseTemplateBehavior [ RunTime:0.005301s ]
INFO: [ view_parse ] --END-- [ RunTime:0.005369s ]
INFO: [ view_filter ] --START--
INFO: Run Behavior\WriteHtmlCacheBehavior [ RunTime:0.000166s ]
INFO: [ view_filter ] --END-- [ RunTime:0.000225s ]
INFO: [ app_end ] --START--
INFO: Run Behavior\ShowPageTraceBehavior [ RunTime:0.000163s ]
INFO: [ app_end ] --END-- [ RunTime:0.000218s ]

[ 2019-04-10T12:08:23+08:00 ] 127.0.0.1 /Home/Information/scope
INFO: [ app_init ] --START--
INFO: Run Behavior\BuildLiteBehavior [ RunTime:0.000013s ]
INFO: [ app_init ] --END-- [ RunTime:0.000114s ]
INFO: [ app_begin ] --START--
INFO: Run Behavior\ReadHtmlCacheBehavior [ RunTime:0.000163s ]
INFO: [ app_begin ] --END-- [ RunTime:0.000207s ]
SQL: SHOW COLUMNS FROM `head_image` [ RunTime:0.0097s ]
SQL: SELECT * FROM `head_image` WHERE ( type = 3 ) LIMIT 1   [ RunTime:0.0030s ]
SQL: SHOW COLUMNS FROM `footer` [ RunTime:0.0062s ]
SQL: SELECT * FROM `footer` LIMIT 1   [ RunTime:0.0029s ]
INFO: [ view_parse ] --START--
INFO: [ template_filter ] --START--
INFO: Run Behavior\ContentReplaceBehavior [ RunTime:0.000050s ]
INFO: [ template_filter ] --END-- [ RunTime:0.000093s ]
NOTIC: [8] Undefined variable: scope E:\wamp64\www\web-jc\Application\Runtime\Cache\Home\de56923d4df1834f777af520fc727599.php 第 116 行.
NOTIC: [8] Undefined variable: pagination E:\wamp64\www\web-jc\Application\Runtime\Cache\Home\de56923d4df1834f777af520fc727599.php 第 119 行.
INFO: Run Behavior\ParseTemplateBehavior [ RunTime:0.003963s ]
INFO: [ view_parse ] --END-- [ RunTime:0.004016s ]
INFO: [ view_filter ] --START--
INFO: Run Behavior\WriteHtmlCacheBehavior [ RunTime:0.000170s ]
INFO: [ view_filter ] --END-- [ RunTime:0.000219s ]
INFO: [ app_end ] --START--
INFO: Run Behavior\ShowPageTraceBehavior [ RunTime:0.000240s ]
INFO: [ app_end ] --END-- [ RunTime:0.000324s ]

[ 2019-04-10T12:08:26+08:00 ] 127.0.0.1 /Home/Information/file
INFO: [ app_init ] --START--
INFO: Run Behavior\BuildLiteBehavior [ RunTime:0.000013s ]
INFO: [ app_init ] --END-- [ RunTime:0.000119s ]
INFO: [ app_begin ] --START--
INFO: Run Behavior\ReadHtmlCacheBehavior [ RunTime:0.000246s ]
INFO: [ app_begin ] --END-- [ RunTime:0.000317s ]
SQL: SHOW COLUMNS FROM `head_image` [ RunTime:0.0087s ]
SQL: SELECT * FROM `head_image` WHERE ( type = 5 ) LIMIT 1   [ RunTime:0.0017s ]
SQL: SHOW COLUMNS FROM `footer` [ RunTime:0.0050s ]
SQL: SELECT * FROM `footer` LIMIT 1   [ RunTime:0.0019s ]
SQL: SHOW COLUMNS FROM `file_download` [ RunTime:0.0061s ]
SQL: SELECT * FROM `file_download` WHERE ( type=0 ) ORDER BY id desc LIMIT 0,4   [ RunTime:0.0019s ]
SQL: SELECT COUNT(*) AS tp_count FROM `file_download` WHERE ( type = 0 ) LIMIT 1   [ RunTime:0.0019s ]
INFO: [ view_parse ] --START--
INFO: [ template_filter ] --START--
INFO: Run Behavior\ContentReplaceBehavior [ RunTime:0.000055s ]
INFO: [ template_filter ] --END-- [ RunTime:0.000103s ]
NOTIC: [8] Undefined variable: boby E:\wamp64\www\web-jc\Application\Runtime\Cache\Home\3ef8154307c2612e48cbf07204f12465.php 第 118 行.
NOTIC: [8] Undefined variable: standard E:\wamp64\www\web-jc\Application\Runtime\Cache\Home\3ef8154307c2612e48cbf07204f12465.php 第 130 行.
NOTIC: [8] Undefined variable: pagination2 E:\wamp64\www\web-jc\Application\Runtime\Cache\Home\3ef8154307c2612e48cbf07204f12465.php 第 133 行.
INFO: Run Behavior\ParseTemplateBehavior [ RunTime:0.005077s ]
INFO: [ view_parse ] --END-- [ RunTime:0.005131s ]
INFO: [ view_filter ] --START--
INFO: Run Behavior\WriteHtmlCacheBehavior [ RunTime:0.000242s ]
INFO: [ view_filter ] --END-- [ RunTime:0.000290s ]
INFO: [ app_end ] --START--
INFO: Run Behavior\ShowPageTraceBehavior [ RunTime:0.000257s ]
INFO: [ app_end ] --END-- [ RunTime:0.000318s ]

[ 2019-04-10T12:08:34+08:00 ] 127.0.0.1 /Home/Information/contact
INFO: [ app_init ] --START--
INFO: Run Behavior\BuildLiteBehavior [ RunTime:0.000022s ]
INFO: [ app_init ] --END-- [ RunTime:0.000211s ]
INFO: [ app_begin ] --START--
INFO: Run Behavior\ReadHtmlCacheBehavior [ RunTime:0.000193s ]
INFO: [ app_begin ] --END-- [ RunTime:0.000264s ]
SQL: SHOW COLUMNS FROM `head_image` [ RunTime:0.0100s ]
SQL: SELECT * FROM `head_image` WHERE ( type = 6 ) LIMIT 1   [ RunTime:0.0038s ]
SQL: SHOW COLUMNS FROM `footer` [ RunTime:0.0178s ]
SQL: SELECT * FROM `footer` LIMIT 1   [ RunTime:0.0029s ]
SQL: SHOW COLUMNS FROM `contact_us` [ RunTime:0.0231s ]
SQL: SELECT * FROM `contact_us` LIMIT 1   [ RunTime:0.0030s ]
INFO: [ view_parse ] --START--
INFO: [ template_filter ] --START--
INFO: Run Behavior\ContentReplaceBehavior [ RunTime:0.000064s ]
INFO: [ template_filter ] --END-- [ RunTime:0.000124s ]
INFO: Run Behavior\ParseTemplateBehavior [ RunTime:0.004021s ]
INFO: [ view_parse ] --END-- [ RunTime:0.004097s ]
INFO: [ view_filter ] --START--
INFO: Run Behavior\WriteHtmlCacheBehavior [ RunTime:0.000226s ]
INFO: [ view_filter ] --END-- [ RunTime:0.000289s ]
INFO: [ app_end ] --START--
INFO: Run Behavior\ShowPageTraceBehavior [ RunTime:0.000199s ]
INFO: [ app_end ] --END-- [ RunTime:0.000255s ]

[ 2019-04-10T12:08:37+08:00 ] 127.0.0.1 /Home/Information/basic
INFO: [ app_init ] --START--
INFO: Run Behavior\BuildLiteBehavior [ RunTime:0.000019s ]
INFO: [ app_init ] --END-- [ RunTime:0.000192s ]
INFO: [ app_begin ] --START--
INFO: Run Behavior\ReadHtmlCacheBehavior [ RunTime:0.000231s ]
INFO: [ app_begin ] --END-- [ RunTime:0.000286s ]
INFO: [ view_parse ] --START--
INFO: [ template_filter ] --START--
INFO: Run Behavior\ContentReplaceBehavior [ RunTime:0.000088s ]
INFO: [ template_filter ] --END-- [ RunTime:0.000197s ]
NOTIC: [8] Undefined variable: type E:\wamp64\www\web-jc\Application\Runtime\Cache\Home\641fb9aa4af09bc22227d69c36dc742e.php 第 109 行.
NOTIC: [8] Undefined variable: footer E:\wamp64\www\web-jc\Application\Runtime\Cache\Home\641fb9aa4af09bc22227d69c36dc742e.php 第 153 行.
NOTIC: [8] Undefined variable: footer E:\wamp64\www\web-jc\Application\Runtime\Cache\Home\641fb9aa4af09bc22227d69c36dc742e.php 第 154 行.
NOTIC: [8] Undefined variable: footer E:\wamp64\www\web-jc\Application\Runtime\Cache\Home\641fb9aa4af09bc22227d69c36dc742e.php 第 157 行.
NOTIC: [8] Undefined variable: footer E:\wamp64\www\web-jc\Application\Runtime\Cache\Home\641fb9aa4af09bc22227d69c36dc742e.php 第 158 行.
INFO: Run Behavior\ParseTemplateBehavior [ RunTime:0.004203s ]
INFO: [ view_parse ] --END-- [ RunTime:0.004335s ]
INFO: [ view_filter ] --START--
INFO: Run Behavior\WriteHtmlCacheBehavior [ RunTime:0.000441s ]
INFO: [ view_filter ] --END-- [ RunTime:0.000603s ]
INFO: [ app_end ] --START--
INFO: Run Behavior\ShowPageTraceBehavior [ RunTime:0.000373s ]
INFO: [ app_end ] --END-- [ RunTime:0.000463s ]

[ 2019-04-10T12:08:38+08:00 ] 127.0.0.1 /Home/index
INFO: [ app_init ] --START--
INFO: Run Behavior\BuildLiteBehavior [ RunTime:0.000014s ]
INFO: [ app_init ] --END-- [ RunTime:0.000097s ]
INFO: [ app_begin ] --START--
INFO: Run Behavior\ReadHtmlCacheBehavior [ RunTime:0.000136s ]
INFO: [ app_begin ] --END-- [ RunTime:0.000191s ]
SQL: SHOW COLUMNS FROM `home_image` [ RunTime:0.0246s ]
SQL: SELECT * FROM `home_image` WHERE ( id not in (select max(id) from home_image) ) ORDER BY id desc  [ RunTime:0.0029s ]
SQL: SELECT * FROM `home_image` WHERE ( id in (select max(id) from home_image) ) LIMIT 1   [ RunTime:0.0042s ]
SQL: SELECT COUNT(*) AS tp_count FROM `home_image` LIMIT 1   [ RunTime:0.0030s ]
SQL: SHOW COLUMNS FROM `contact_us` [ RunTime:0.0091s ]
SQL: SELECT * FROM `contact_us` LIMIT 1   [ RunTime:0.0029s ]
SQL: SHOW COLUMNS FROM `news` [ RunTime:0.0072s ]
SQL: SELECT * FROM `news` WHERE ( content != '' ) ORDER BY save_time desc LIMIT 4   [ RunTime:0.0029s ]
SQL: SHOW COLUMNS FROM `center_introduction` [ RunTime:0.0106s ]
SQL: SELECT * FROM `center_introduction` LIMIT 1   [ RunTime:0.0028s ]
SQL: SHOW COLUMNS FROM `lab_image` [ RunTime:0.0071s ]
SQL: SELECT * FROM `lab_image` ORDER BY id desc  [ RunTime:0.0031s ]
SQL: SHOW COLUMNS FROM `inspection_scope` [ RunTime:0.0082s ]
SQL: SELECT * FROM `inspection_scope` WHERE ( content !='' ) ORDER BY save_time desc LIMIT 4   [ RunTime:0.0027s ]
SQL: SHOW COLUMNS FROM `footer` [ RunTime:0.0085s ]
SQL: SELECT * FROM `footer` LIMIT 1   [ RunTime:0.0034s ]
INFO: [ view_parse ] --START--
INFO: [ template_filter ] --START--
INFO: Run Behavior\ContentReplaceBehavior [ RunTime:0.000315s ]
INFO: [ template_filter ] --END-- [ RunTime:0.000490s ]
INFO: Run Behavior\ParseTemplateBehavior [ RunTime:0.014272s ]
INFO: [ view_parse ] --END-- [ RunTime:0.014508s ]
INFO: [ view_filter ] --START--
INFO: Run Behavior\WriteHtmlCacheBehavior [ RunTime:0.000510s ]
INFO: [ view_filter ] --END-- [ RunTime:0.000692s ]
INFO: [ app_end ] --START--
INFO: Run Behavior\ShowPageTraceBehavior [ RunTime:0.000511s ]
INFO: [ app_end ] --END-- [ RunTime:0.000755s ]

